[07/29/2022 08:51:13] Debug: Session id: 41a9bcfd-1dd5-4428-85a7-a548ff7231c1
[07/29/2022 08:51:13] Debug: Code Processor information: Name :SnowConvert, Version: 7.11.18.0
[07/29/2022 08:51:14] Debug: Getting license
[07/29/2022 08:51:14] Debug: License information
	Status: Failed
	Message: No active license available.
[07/29/2022 08:51:14] Info: Starting to validate parameters
[07/29/2022 08:51:14] Info: Parameters to validate: 
	Execution mode: Conversion
	LICENSE_KEY: a3372138-b87e-4a08-b929-3b48b24c63f1
[07/29/2022 08:51:14] Info: Validation of parameters: Success
[07/29/2022 08:51:14] Debug: Getting code descriptor
[07/29/2022 08:51:14] Debug: Code descriptor information
	Units: 51
	Units type: LOC
	All file bytes: 2141
	All found extensions: .sql,.dml,.ddl,.bteq,.btq,.fl,.fload,.ml,.mload,.mld,.tp,.tpump,.tpt
[07/29/2022 08:51:14] Debug: Calculating fingerprint
[07/29/2022 08:51:14] Debug: Fingerprint information Fingerprint(size=2141,projects=1)
[07/29/2022 08:51:14] Info: Starting to try to validate online license for execution
[07/29/2022 08:51:16] Debug: Getting license
[07/29/2022 08:51:16] Debug: License information
	Status: Failed
	Message: No active license available.
[07/29/2022 08:51:16] Debug: Starting the execution of the controller
[07/29/2022 08:51:17] Debug: Executing the worker: SnowConvert
[07/29/2022 08:51:28] Debug: Finished executing the worker: SnowConvert
[07/29/2022 08:51:30] Info: Controller execution ended
